<?xml version="1.0" encoding="UTF-8"?>
<!-- Generated by org.testng.reporters.JUnitXMLReporter -->
<testsuite ignored="0" hostname="UGKP" failures="1" tests="1" name="verify Logout Page" time="18.012" errors="0" timestamp="2022-08-19T15:58:45 IST">
  <testcase classname="TestCases.verifyLogoutPage" name="logoutVerify" time="0.038">
    <failure type="java.lang.Error" message="Unresolved compilation problem: 
	lp cannot be resolved
">
      <![CDATA[java.lang.Error: Unresolved compilation problem: 
lp cannot be resolved

at TestCases.verifyLogoutPage.logoutVerify(verifyLogoutPage.java:29)
at java.base/java.util.ArrayList.forEach(ArrayList.java:1511)
... Removed 25 stack frames]]>
    </failure>
  </testcase> <!-- logoutVerify -->
</testsuite> <!-- verify Logout Page -->
