<?xml version="1.0" encoding="UTF-8"?>
<!-- Generated by org.testng.reporters.JUnitXMLReporter -->
<testsuite ignored="0" hostname="UGKP" failures="1" tests="1" name="verify Login Page" time="47.632" errors="0" timestamp="2022-08-19T13:39:00 IST">
  <testcase classname="TestCases.verifyLoginPage" name="loginVerify" time="26.903">
    <failure type="java.lang.AssertionError" message="expected:&amp;lt;My account - My Store&amp;gt; but was:&amp;lt;My account - My Stor&amp;gt;">
      <![CDATA[java.lang.AssertionError: expected:<My account - My Store> but was:<My account - My Stor>
at TestCases.verifyLoginPage.loginVerify(verifyLoginPage.java:34)
at java.base/java.util.ArrayList.forEach(ArrayList.java:1511)
... Removed 27 stack frames]]>
    </failure>
  </testcase> <!-- loginVerify -->
</testsuite> <!-- verify Login Page -->
