<?xml version="1.0" encoding="UTF-8"?>
<!-- Generated by org.testng.reporters.JUnitXMLReporter -->
<testsuite ignored="0" hostname="UGKP" failures="0" tests="6" name="verify MyAccount" time="47.442" errors="0" timestamp="2022-08-19T13:22:38 IST">
  <testcase classname="TestCases.verifyMyAccountPage" name="averifyMyAccount" time="11.367"/>
  <testcase classname="TestCases.verifyMyAccountPage" name="bhistoryVerify" time="4.939"/>
  <testcase classname="TestCases.verifyMyAccountPage" name="click_order_my_credit_slip_and_verify" time="4.732"/>
  <testcase classname="TestCases.verifyMyAccountPage" name="dclick_order_my_addresses_and_verify" time="5.233"/>
  <testcase classname="TestCases.verifyMyAccountPage" name="eclick_order_my_personal_information_and_verify" time="4.2"/>
  <testcase classname="TestCases.verifyMyAccountPage" name="fclick_order_my_wishlists_and_verify" time="5.456"/>
</testsuite> <!-- verify MyAccount -->
